Test Results:
32c9b4ef4e874323c845101b71371fc3  common/actuator_demultiplexer.cc
e814e4dce23b46ae7426a3917686de88  common/logging.cc
ed03b06553d6e7bfea4584e850b69f6e  common/test/actuator_demultiplexer_test.cc
e57224907c2c34df48107ad1d99d5e67  common/test/debug_test.cc
05f98d7f870d8dde3063ff662fbe1fa5  common/test/release_test.cc
f84bf52961b594ebe3a8d197f4a31b4e  demo/main.cc
03d125327cc777f6776936b67981ed96  drivers/chopstick/chopstick_impedance_controller.cc
b5b594295f75d8c5af89c38407aa5d9d  drivers/chopstick/chopstick_kinematics.cc
64ba83712408eb7f925c251c02e3c08d  drivers/chopstick/test/chopstick_impedance_controller_test.cc
c569996898c7d053e3405114d4d13cfe  drivers/chopstick/test/chopstick_kinematics_test.cc
3049e2d4c3338525434f2505a6e02ffa  drivers/chopstick/test/chopstick_wiping_primitive_test.cc
532eb820be128edb8d4af76370891281  include/DR/common/actuator_demultiplexer.h
eca6e168fb8693c8228bf36593a429dc  include/DR/common/environment.h
2e270f6af58755be7aa3af993d65edb9  include/DR/common/exception.h
52239b73bb06606d073644ac11d459d7  include/DR/common/logging.h
38de580133b28b90c72973e9a3ac8b20  include/DR/drivers/chopstick/chopstick_config.h
85f4f7d8782f893afe4b75d96c92d5c7  include/DR/drivers/chopstick/chopstick_impedance_controller.h
8690acf119d1c5e2802690aa042f4d1e  include/DR/drivers/chopstick/chopstick_kinematics.h
89b4d9bd31de409e7bdf5f2455aa4224  include/DR/interfaces/impedance_controller.h
67176bfe587331da98ed688261fc810b  include/DR/interfaces/inverse_kinematics.h
f13e0b3727e9cb730c26673438a6ec62  include/DR/interfaces/task_space_impedance_controller.h
92ad3c3733668e579639acdd3586a68e  include/DR/primitives/plan.h
8bded23b5ef52511db0d305230b015f7  include/DR/primitives/primitive_behavior.h
a4002d36359adf560b769a9decc50e88  include/DR/primitives/state_machine.h
b08cc06e09a08a130c9710053e34029e  include/DR/simulation/config.h
382471b0154a6d01803af88575a0df3b  include/DR/simulation/container_unloading/loading_dock_generator.h
48743e334f6b41feb184fe0cf340bb6c  include/DR/simulation/container_unloading/parcel_stack_generator.h
e9027ec59dbf5892f123493fb035c543  include/DR/simulation/controller_generator.h
c54279f81020cb5c27eb64516ccc8936  include/DR/simulation/model_generator.h
be276ada04775a9d505210b3b65bf724  include/DR/simulation/shape_to_unit_inertia.h
113527ca5bf6e09f910c3204966b3e74  include/DR/simulation/simulation_facade.h
660ca8a7a5d2004a9c71909ee3ba2d7f  include/DR/simulation/state_setter.h
47133d615f8e14d9f160bf5af9ef8c05  include/DR/tools/differential_inverse_kinematics.h
433dfd35233caac7bf248dfbeeeae250  include/DR/tools/indexing.h
34bfbb525b3c867d0164f91c96795bc7  include/DR/tools/input_stream_operators.h
5754b2ab21f7359289c98cd15a7485f4  include/DR/tools/optional.h
9aa1be53c6715e11eae5529fd46c41ab  include/DR/tools/output_stream_operators.h
19153d446901ab7aae6cbc8ce9f0dcc7  include/DR/tools/sobol_sequence.h
dd9ecce12b61ee489e890323fa888668  include/DR/tools/uniform_vector_distribution.h
33f9fae6acd5d0b920fefc017e45ee13  interfaces/test/impedance_controller_test.cc
c9503a6d9c349b331c0e71d71a971eef  primitives/primitive_behavior.cc
936fd18aeec2910e13a61cb260cfa21a  primitives/state_machine.cc
9e76f83a147632c2d5fde93a7c898ab3  primitives/test/primitive_behavior_test.cc
7884eabe51f5f6bd46d3bce286525049  primitives/test/state_machine_controller_test.cc
b01f90055bded621026fa8225378635b  primitives/test/state_machine_test.cc
1b078b505b1d82f97187f676607f18c5  simulation/container_unloading/test/loading_dock_generator_test.cc
b892b9c03a807f71bfcdacba4522c2bd  simulation/container_unloading/test/parcel_stack_generator_test.cc
409d780fb70c72da1debfc96a8e560ca  simulation/controller_generator.cc
ea07e691ef82d735afa699ded5c1bf1d  simulation/shape_to_unit_inertia.cc
9644beaba4db50b155b4c776354a24fc  simulation/simulation_facade.cc
c9924772a799c53f5ad7b5fb2909d09b  simulation/test/body_simulation_driver.h
44eae95fc81f5e29b0ef4cb7e2e076ed  simulation/test/model_generator_test.cc
9c1ae09637261748f6a21324bed12016  simulation/test/simulation_facade_test.cc
4f7e576566616db3def784b63acbba13  tools/differential_inverse_kinematics.cc
cc3349435d607b2c2f37495a9591e9d5  tools/sobol_sequence.cc
44c3d1b7b071f9d63dcc840631c2d95c  tools/test/differential_inverse_kinematics_test.cc
eae0594d6c48613d47a852b29fc48724  tools/test/optional_test.cc
ac9623786e440e02dcae8a618cfc85b5  tools/test/sobol_sequence_test.cc
Running tests...
Test project /home/drum/DR/build
      Start  1: DR_main_test
 1/18 Test  #1: DR_main_test ..............................   Passed    0.04 sec
      Start  2: DR_actuator_demultiplexer_test
 2/18 Test  #2: DR_actuator_demultiplexer_test ............   Passed    0.33 sec
      Start  3: DR_debug_test
 3/18 Test  #3: DR_debug_test .............................   Passed    0.78 sec
      Start  4: DR_release_test
 4/18 Test  #4: DR_release_test ...........................   Passed    0.41 sec
      Start  5: DR_chopstick_impedance_controller_test
 5/18 Test  #5: DR_chopstick_impedance_controller_test ....   Passed    0.45 sec
      Start  6: DR_chopstick_kinematics_test
 6/18 Test  #6: DR_chopstick_kinematics_test ..............   Passed    4.35 sec
      Start  7: DR_chopstick_wiping_primitive_test
 7/18 Test  #7: DR_chopstick_wiping_primitive_test ........   Passed   21.27 sec
      Start  8: DR_primitive_behavior_test
 8/18 Test  #8: DR_primitive_behavior_test ................   Passed    3.06 sec
      Start  9: DR_state_machine_controller_test
 9/18 Test  #9: DR_state_machine_controller_test ..........   Passed    0.13 sec
      Start 10: DR_state_machine_test
10/18 Test #10: DR_state_machine_test .....................   Passed    0.77 sec
      Start 11: DR_throwaway
11/18 Test #11: DR_throwaway ..............................   Passed    0.00 sec
      Start 12: DR_model_generator_test
12/18 Test #12: DR_model_generator_test ...................   Passed    0.76 sec
      Start 13: DR_simulation_facade_test
13/18 Test #13: DR_simulation_facade_test .................   Passed    0.20 sec
      Start 14: DR_loading_dock_generator_test
14/18 Test #14: DR_loading_dock_generator_test ............   Passed    0.41 sec
      Start 15: DR_parcel_stack_generator_test
15/18 Test #15: DR_parcel_stack_generator_test ............   Passed   17.91 sec
      Start 16: DR_differential_inverse_kinematics_test
16/18 Test #16: DR_differential_inverse_kinematics_test ...   Passed    0.04 sec
      Start 17: DR_optional_test
17/18 Test #17: DR_optional_test ..........................   Passed    0.04 sec
      Start 18: DR_sobol_sequence_test
18/18 Test #18: DR_sobol_sequence_test ....................   Passed    0.04 sec

100% tests passed, 0 tests failed out of 18

Total Test time (real) =  51.00 sec
